
Monday, 29. July 2019 06:10AM
==========================
Requested result.csv file successfully written


Monday, 29. July 2019 06:11AM
==========================
Requested result.csv file successfully written


Monday, 29. July 2019 06:11AM
==========================
Requested result.csv file successfully written


Saturday, 10. August 2019 05:54PM
==========================
syntax error: line 1, column 0

Saturday, 10. August 2019 05:54PM
==========================
syntax error: line 1, column 0

Saturday, 10. August 2019 05:54PM
==========================
Looks like something went wrong. Please check server logs file for more details. No objects to concatenate


Saturday, 10. August 2019 05:54PM
==========================
Requested result.csv file successfully written


Saturday, 10. August 2019 05:54PM
==========================
syntax error: line 1, column 0

Saturday, 10. August 2019 05:54PM
==========================
syntax error: line 1, column 0

Saturday, 10. August 2019 05:54PM
==========================
Looks like something went wrong. Please check server logs file for more details. No objects to concatenate


Saturday, 10. August 2019 05:54PM
==========================
Requested result.csv file successfully written


Saturday, 10. August 2019 05:54PM
==========================
Looks like something went wrong. Please check server logs file for more details. No objects to concatenate


Saturday, 10. August 2019 05:54PM
==========================
Requested result.csv file successfully written


Saturday, 10. August 2019 05:56PM
==========================
syntax error: line 1, column 0

Saturday, 10. August 2019 05:56PM
==========================
syntax error: line 1, column 0

Saturday, 10. August 2019 05:56PM
==========================
Looks like something went wrong. Please check server logs file for more details. No objects to concatenate


Saturday, 10. August 2019 05:56PM
==========================
Requested result.csv file successfully written


Saturday, 10. August 2019 05:56PM
==========================
syntax error: line 1, column 0

Saturday, 10. August 2019 05:56PM
==========================
syntax error: line 1, column 0

Saturday, 10. August 2019 05:56PM
==========================
Looks like something went wrong. Please check server logs file for more details. No objects to concatenate


Saturday, 10. August 2019 05:56PM
==========================
Requested result.csv file successfully written


Saturday, 10. August 2019 05:56PM
==========================
Looks like something went wrong. Please check server logs file for more details. No objects to concatenate


Saturday, 10. August 2019 05:56PM
==========================
Requested result.csv file successfully written


Saturday, 10. August 2019 05:57PM
==========================
syntax error: line 1, column 0

Saturday, 10. August 2019 05:57PM
==========================
syntax error: line 1, column 0

Saturday, 10. August 2019 05:57PM
==========================
Looks like something went wrong. Please check server logs file for more details. No objects to concatenate


Saturday, 10. August 2019 05:57PM
==========================
Requested result.csv file successfully written


Saturday, 10. August 2019 05:57PM
==========================
syntax error: line 1, column 0

Saturday, 10. August 2019 05:57PM
==========================
syntax error: line 1, column 0

Saturday, 10. August 2019 05:57PM
==========================
Looks like something went wrong. Please check server logs file for more details. No objects to concatenate


Saturday, 10. August 2019 05:57PM
==========================
Requested result.csv file successfully written


Saturday, 10. August 2019 05:57PM
==========================
Looks like something went wrong. Please check server logs file for more details. No objects to concatenate


Saturday, 10. August 2019 05:57PM
==========================
Requested result.csv file successfully written


Saturday, 10. August 2019 05:59PM
==========================
Requested result.csv file successfully written


Saturday, 10. August 2019 05:59PM
==========================
Requested result.csv file successfully written


Saturday, 10. August 2019 06:01PM
==========================
Requested result.csv file successfully written


Saturday, 10. August 2019 06:01PM
==========================
Requested result.csv file successfully written


Saturday, 10. August 2019 06:02PM
==========================
Requested result.csv file successfully written


Saturday, 10. August 2019 06:02PM
==========================
Requested result.csv file successfully written


Saturday, 10. August 2019 06:02PM
==========================
Requested result.csv file successfully written


Saturday, 10. August 2019 06:02PM
==========================
Requested result.csv file successfully written


Saturday, 10. August 2019 06:03PM
==========================
Requested result.csv file successfully written


Saturday, 10. August 2019 06:03PM
==========================
Requested result.csv file successfully written


Saturday, 10. August 2019 06:04PM
==========================
Requested result.csv file successfully written


Saturday, 10. August 2019 06:04PM
==========================
Requested result.csv file successfully written


Saturday, 10. August 2019 09:54PM
==========================
The input xml file cant be found. Ensure its in the same directory


Saturday, 10. August 2019 09:55PM
==========================
maximum recursion depth exceeded while calling a Python object

Saturday, 10. August 2019 10:01PM
==========================
maximum recursion depth exceeded while calling a Python object

Saturday, 10. August 2019 10:44PM
==========================
Requested result.csv file successfully written


Saturday, 10. August 2019 10:47PM
==========================
Requested result.csv file successfully written


Saturday, 10. August 2019 10:54PM
==========================
Requested result.csv file successfully written


Saturday, 10. August 2019 11:13PM
==========================
Requested result.csv file successfully written


Saturday, 10. August 2019 11:21PM
==========================
Requested result.csv file successfully written


Saturday, 10. August 2019 11:27PM
==========================
Requested result.csv file successfully written


Saturday, 10. August 2019 11:28PM
==========================
Requested result.csv file successfully written


Saturday, 10. August 2019 11:51PM
==========================
Requested result.csv file successfully written


Sunday, 11. August 2019 12:11AM
==========================
Requested result.csv file successfully written


Sunday, 11. August 2019 12:13AM
==========================
Requested result.csv file successfully written


Sunday, 11. August 2019 12:15AM
==========================
Requested result.csv file successfully written


Sunday, 11. August 2019 11:54AM
==========================
"<' not supported between instances of 'numpy.ndarray' and 'str'

Sunday, 11. August 2019 11:54AM
==========================
Looks like something went wrong. Please check server logs file for more details. No objects to concatenate


Sunday, 11. August 2019 11:54AM
==========================
Requested result.csv file successfully written


Sunday, 11. August 2019 11:57AM
==========================
'NoneType' object has no attribute 'text'

Sunday, 11. August 2019 11:57AM
==========================
Looks like something went wrong. Please check server logs file for more details. No objects to concatenate


Sunday, 11. August 2019 11:57AM
==========================
Requested result.csv file successfully written


Sunday, 11. August 2019 11:58AM
==========================
'NoneType' object has no attribute 'text'

Sunday, 11. August 2019 11:58AM
==========================
Looks like something went wrong. Please check server logs file for more details. No objects to concatenate


Sunday, 11. August 2019 11:58AM
==========================
Requested result.csv file successfully written


Sunday, 11. August 2019 12:01PM
==========================
'NoneType' object has no attribute 'text'

Sunday, 11. August 2019 12:29PM
==========================
'<' not supported between instances of 'numpy.ndarray' and 'str'

Sunday, 11. August 2019 12:29PM
==========================
Looks like something went wrong. Please check server logs file for more details. No objects to concatenate


Sunday, 11. August 2019 12:29PM
==========================
Requested result.csv file successfully written


Sunday, 11. August 2019 02:57PM
==========================
Requested result.csv file successfully written


Sunday, 11. August 2019 03:18PM
==========================
Looks like something went wrong. Please check server logs file for more details. No objects to concatenate


Sunday, 11. August 2019 03:18PM
==========================
Requested result.csv file successfully written


Sunday, 11. August 2019 03:23PM
==========================
Looks like something went wrong. Please check server logs file for more details. No objects to concatenate


Sunday, 11. August 2019 03:23PM
==========================
Requested result.csv file successfully written


Sunday, 11. August 2019 04:30PM
==========================
Looks like something went wrong. Please check server logs file for more details. No objects to concatenate


Sunday, 11. August 2019 04:30PM
==========================
Requested result.csv file successfully written


Sunday, 11. August 2019 04:31PM
==========================
Looks like something went wrong. Please check server logs file for more details. No objects to concatenate


Sunday, 11. August 2019 04:31PM
==========================
Requested result.csv file successfully written


Sunday, 11. August 2019 04:34PM
==========================
Looks like something went wrong. Please check server logs file for more details. No objects to concatenate


Sunday, 11. August 2019 04:34PM
==========================
Requested result.csv file successfully written


Sunday, 11. August 2019 04:39PM
==========================
Requested result.csv file successfully written


Sunday, 11. August 2019 04:44PM
==========================
Requested result.csv file successfully written


Sunday, 11. August 2019 06:59PM
==========================
Requested result.csv file successfully written


Sunday, 11. August 2019 07:46PM
==========================
Requested result.csv file successfully written


Sunday, 11. August 2019 07:54PM
==========================
Requested result.csv file successfully written


Sunday, 11. August 2019 08:03PM
==========================
Requested result.csv file successfully written


Sunday, 11. August 2019 08:07PM
==========================
Requested result.csv file successfully written


Sunday, 11. August 2019 08:09PM
==========================
Requested result.csv file successfully written


Sunday, 11. August 2019 08:10PM
==========================
Requested result.csv file successfully written


Sunday, 11. August 2019 08:22PM
==========================
Requested result.csv file successfully written


Sunday, 11. August 2019 08:23PM
==========================
Requested result.csv file successfully written


Sunday, 11. August 2019 08:24PM
==========================
Requested result.csv file successfully written


Sunday, 11. August 2019 08:27PM
==========================
Requested result.csv file successfully written


Sunday, 11. August 2019 08:27PM
==========================
Requested result.csv file successfully written

